<?xml version="1.0" encoding="UTF-8"?>
<testsuite xmlns:xsi="http://www.w3.org/2001/XMLSchema-instance" xsi:noNamespaceSchemaLocation="https://maven.apache.org/surefire/maven-surefire-plugin/xsd/surefire-test-report-3.0.xsd" version="3.0" name="com.demo.student.StudentApplicationTests" time="8.909" tests="1" errors="0" skipped="0" failures="0">
  <properties>
[...]
</properties>
  <testcase name="contextLoads" classname="com.demo.student.StudentApplicationTests" time="0.656">
    <system-out><![CDATA[13:40:58.418 [main] INFO org.springframework.test.context.support.AnnotationConfigContextLoaderUtils -- Could not detect default configuration classes for test class [com.demo.student.StudentApplicationTests]: StudentApplicationTests does not declare any static, non-private, non-final, nested classes annotated with @Configuration.
13:40:58.560 [main] INFO org.springframework.boot.test.context.SpringBootTestContextBootstrapper -- Found @SpringBootConfiguration com.demo.student.StudentApplication for test class com.demo.student.StudentApplicationTests
13:40:58.788 [main] INFO org.springframework.boot.devtools.restart.RestartApplicationListener -- Restart disabled due to context in which it is running

  .   ____          _            __ _ _
 /\\ / ___'_ __ _ _(_)_ __  __ _ \ \ \ \
( ( )\___ | '_ | '_| | '_ \/ _` | \ \ \ \
 \\/  ___)| |_)| | | | | || (_| |  ) ) ) )
  '  |____| .__|_| |_|_| |_\__, | / / / /
 =========|_|==============|___/=/_/_/_/
 :: Spring Boot ::                (v3.2.3)

2024-07-24T13:40:59.171+05:30  INFO 33278 --- [student] [           main] c.demo.student.StudentApplicationTests   : Starting StudentApplicationTests using Java 21.0.2 with PID 33278 (started by s.kumar.shivaswamyaccenture.com in /Users/s.kumar.shivaswamyaccenture.com/Documents/Personal_K_Documents/student)
2024-07-24T13:40:59.173+05:30  INFO 33278 --- [student] [           main] c.demo.student.StudentApplicationTests   : No active profile set, falling back to 1 default profile: "default"
2024-07-24T13:41:00.493+05:30  INFO 33278 --- [student] [           main] .s.d.r.c.RepositoryConfigurationDelegate : Multiple Spring Data modules found, entering strict repository configuration mode
2024-07-24T13:41:00.495+05:30  INFO 33278 --- [student] [           main] .s.d.r.c.RepositoryConfigurationDelegate : Bootstrapping Spring Data JDBC repositories in DEFAULT mode.
2024-07-24T13:41:00.585+05:30  INFO 33278 --- [student] [           main] .RepositoryConfigurationExtensionSupport : Spring Data JDBC - Could not safely identify store assignment for repository candidate interface com.demo.student.repository.StudentRepository; If you want this repository to be a JDBC repository, consider annotating your entities with one of these annotations: org.springframework.data.relational.core.mapping.Table.
2024-07-24T13:41:00.586+05:30  INFO 33278 --- [student] [           main] .s.d.r.c.RepositoryConfigurationDelegate : Finished Spring Data repository scanning in 84 ms. Found 0 JDBC repository interfaces.
2024-07-24T13:41:00.599+05:30  INFO 33278 --- [student] [           main] .s.d.r.c.RepositoryConfigurationDelegate : Multiple Spring Data modules found, entering strict repository configuration mode
2024-07-24T13:41:00.601+05:30  INFO 33278 --- [student] [           main] .s.d.r.c.RepositoryConfigurationDelegate : Bootstrapping Spring Data JPA repositories in DEFAULT mode.
2024-07-24T13:41:00.792+05:30  INFO 33278 --- [student] [           main] .s.d.r.c.RepositoryConfigurationDelegate : Finished Spring Data repository scanning in 184 ms. Found 1 JPA repository interface.
2024-07-24T13:41:01.698+05:30  INFO 33278 --- [student] [           main] o.hibernate.jpa.internal.util.LogHelper  : HHH000204: Processing PersistenceUnitInfo [name: default]
2024-07-24T13:41:01.814+05:30  INFO 33278 --- [student] [           main] org.hibernate.Version                    : HHH000412: Hibernate ORM core version 6.4.4.Final
2024-07-24T13:41:01.867+05:30  INFO 33278 --- [student] [           main] o.h.c.internal.RegionFactoryInitiator    : HHH000026: Second-level cache disabled
2024-07-24T13:41:02.004+05:30 DEBUG 33278 --- [student] [           main] org.hibernate.type.BasicTypeRegistry     : Adding type registration boolean -> org.hibernate.type.BasicTypeReference@59a2d756
2024-07-24T13:41:02.004+05:30 DEBUG 33278 --- [student] [           main] org.hibernate.type.BasicTypeRegistry     : Adding type registration boolean -> org.hibernate.type.BasicTypeReference@59a2d756
2024-07-24T13:41:02.005+05:30 DEBUG 33278 --- [student] [           main] org.hibernate.type.BasicTypeRegistry     : Adding type registration java.lang.Boolean -> org.hibernate.type.BasicTypeReference@59a2d756
2024-07-24T13:41:02.005+05:30 DEBUG 33278 --- [student] [           main] org.hibernate.type.BasicTypeRegistry     : Adding type registration numeric_boolean -> org.hibernate.type.BasicTypeReference@165d1d54
2024-07-24T13:41:02.005+05:30 DEBUG 33278 --- [student] [           main] org.hibernate.type.BasicTypeRegistry     : Adding type registration org.hibernate.type.NumericBooleanConverter -> org.hibernate.type.BasicTypeReference@165d1d54
2024-07-24T13:41:02.005+05:30 DEBUG 33278 --- [student] [           main] org.hibernate.type.BasicTypeRegistry     : Adding type registration true_false -> org.hibernate.type.BasicTypeReference@4be12f6c
2024-07-24T13:41:02.005+05:30 DEBUG 33278 --- [student] [           main] org.hibernate.type.BasicTypeRegistry     : Adding type registration org.hibernate.type.TrueFalseConverter -> org.hibernate.type.BasicTypeReference@4be12f6c
2024-07-24T13:41:02.006+05:30 DEBUG 33278 --- [student] [           main] org.hibernate.type.BasicTypeRegistry     : Adding type registration yes_no -> org.hibernate.type.BasicTypeReference@52cb52bd
2024-07-24T13:41:02.006+05:30 DEBUG 33278 --- [student] [           main] org.hibernate.type.BasicTypeRegistry     : Adding type registration org.hibernate.type.YesNoConverter -> org.hibernate.type.BasicTypeReference@52cb52bd
2024-07-24T13:41:02.006+05:30 DEBUG 33278 --- [student] [           main] org.hibernate.type.BasicTypeRegistry     : Adding type registration byte -> org.hibernate.type.BasicTypeReference@1d1c37d5
2024-07-24T13:41:02.006+05:30 DEBUG 33278 --- [student] [           main] org.hibernate.type.BasicTypeRegistry     : Adding type registration byte -> org.hibernate.type.BasicTypeReference@1d1c37d5
2024-07-24T13:41:02.007+05:30 DEBUG 33278 --- [student] [           main] org.hibernate.type.BasicTypeRegistry     : Adding type registration java.lang.Byte -> org.hibernate.type.BasicTypeReference@1d1c37d5
2024-07-24T13:41:02.007+05:30 DEBUG 33278 --- [student] [           main] org.hibernate.type.BasicTypeRegistry     : Adding type registration binary -> org.hibernate.type.BasicTypeReference@63553e9f
2024-07-24T13:41:02.007+05:30 DEBUG 33278 --- [student] [           main] org.hibernate.type.BasicTypeRegistry     : Adding type registration byte[] -> org.hibernate.type.BasicTypeReference@63553e9f
2024-07-24T13:41:02.008+05:30 DEBUG 33278 --- [student] [           main] org.hibernate.type.BasicTypeRegistry     : Adding type registration [B -> org.hibernate.type.BasicTypeReference@63553e9f
2024-07-24T13:41:02.008+05:30 DEBUG 33278 --- [student] [           main] org.hibernate.type.BasicTypeRegistry     : Adding type registration binary_wrapper -> org.hibernate.type.BasicTypeReference@218df7d6
2024-07-24T13:41:02.008+05:30 DEBUG 33278 --- [student] [           main] org.hibernate.type.BasicTypeRegistry     : Adding type registration wrapper-binary -> org.hibernate.type.BasicTypeReference@218df7d6
2024-07-24T13:41:02.008+05:30 DEBUG 33278 --- [student] [           main] org.hibernate.type.BasicTypeRegistry     : Adding type registration image -> org.hibernate.type.BasicTypeReference@295b07e0
2024-07-24T13:41:02.009+05:30 DEBUG 33278 --- [student] [           main] org.hibernate.type.BasicTypeRegistry     : Adding type registration blob -> org.hibernate.type.BasicTypeReference@55053f81
2024-07-24T13:41:02.009+05:30 DEBUG 33278 --- [student] [           main] org.hibernate.type.BasicTypeRegistry     : Adding type registration java.sql.Blob -> org.hibernate.type.BasicTypeReference@55053f81
2024-07-24T13:41:02.009+05:30 DEBUG 33278 --- [student] [           main] org.hibernate.type.BasicTypeRegistry     : Adding type registration materialized_blob -> org.hibernate.type.BasicTypeReference@1fee4278
2024-07-24T13:41:02.009+05:30 DEBUG 33278 --- [student] [           main] org.hibernate.type.BasicTypeRegistry     : Adding type registration materialized_blob_wrapper -> org.hibernate.type.BasicTypeReference@51132514
2024-07-24T13:41:02.010+05:30 DEBUG 33278 --- [student] [           main] org.hibernate.type.BasicTypeRegistry     : Adding type registration short -> org.hibernate.type.BasicTypeReference@20864cd1
2024-07-24T13:41:02.010+05:30 DEBUG 33278 --- [student] [           main] org.hibernate.type.BasicTypeRegistry     : Adding type registration short -> org.hibernate.type.BasicTypeReference@20864cd1
2024-07-24T13:41:02.010+05:30 DEBUG 33278 --- [student] [           main] org.hibernate.type.BasicTypeRegistry     : Adding type registration java.lang.Short -> org.hibernate.type.BasicTypeReference@20864cd1
2024-07-24T13:41:02.011+05:30 DEBUG 33278 --- [student] [           main] org.hibernate.type.BasicTypeRegistry     : Adding type registration integer -> org.hibernate.type.BasicTypeReference@5c839677
2024-07-24T13:41:02.011+05:30 DEBUG 33278 --- [student] [           main] org.hibernate.type.BasicTypeRegistry     : Adding type registration int -> org.hibernate.type.BasicTypeReference@5c839677
2024-07-24T13:41:02.011+05:30 DEBUG 33278 --- [student] [           main] org.hibernate.type.BasicTypeRegistry     : Adding type registration java.lang.Integer -> org.hibernate.type.BasicTypeReference@5c839677
2024-07-24T13:41:02.011+05:30 DEBUG 33278 --- [student] [           main] org.hibernate.type.BasicTypeRegistry     : Adding type registration long -> org.hibernate.type.BasicTypeReference@3193e21d
2024-07-24T13:41:02.011+05:30 DEBUG 33278 --- [student] [           main] org.hibernate.type.BasicTypeRegistry     : Adding type registration long -> org.hibernate.type.BasicTypeReference@3193e21d
2024-07-24T13:41:02.012+05:30 DEBUG 33278 --- [student] [           main] org.hibernate.type.BasicTypeRegistry     : Adding type registration java.lang.Long -> org.hibernate.type.BasicTypeReference@3193e21d
2024-07-24T13:41:02.012+05:30 DEBUG 33278 --- [student] [           main] org.hibernate.type.BasicTypeRegistry     : Adding type registration float -> org.hibernate.type.BasicTypeReference@79604abe
2024-07-24T13:41:02.012+05:30 DEBUG 33278 --- [student] [           main] org.hibernate.type.BasicTypeRegistry     : Adding type registration float -> org.hibernate.type.BasicTypeReference@79604abe
2024-07-24T13:41:02.012+05:30 DEBUG 33278 --- [student] [           main] org.hibernate.type.BasicTypeRegistry     : Adding type registration java.lang.Float -> org.hibernate.type.BasicTypeReference@79604abe
2024-07-24T13:41:02.012+05:30 DEBUG 33278 --- [student] [           main] org.hibernate.type.BasicTypeRegistry     : Adding type registration double -> org.hibernate.type.BasicTypeReference@6b126187
2024-07-24T13:41:02.012+05:30 DEBUG 33278 --- [student] [           main] org.hibernate.type.BasicTypeRegistry     : Adding type registration double -> org.hibernate.type.BasicTypeReference@6b126187
2024-07-24T13:41:02.013+05:30 DEBUG 33278 --- [student] [           main] org.hibernate.type.BasicTypeRegistry     : Adding type registration java.lang.Double -> org.hibernate.type.BasicTypeReference@6b126187
2024-07-24T13:41:02.013+05:30 DEBUG 33278 --- [student] [           main] org.hibernate.type.BasicTypeRegistry     : Adding type registration big_integer -> org.hibernate.type.BasicTypeReference@2b6262bc
2024-07-24T13:41:02.013+05:30 DEBUG 33278 --- [student] [           main] org.hibernate.type.BasicTypeRegistry     : Adding type registration java.math.BigInteger -> org.hibernate.type.BasicTypeReference@2b6262bc
2024-07-24T13:41:02.013+05:30 DEBUG 33278 --- [student] [           main] org.hibernate.type.BasicTypeRegistry     : Adding type registration big_decimal -> org.hibernate.type.BasicTypeReference@5cffec7
2024-07-24T13:41:02.014+05:30 DEBUG 33278 --- [student] [           main] org.hibernate.type.BasicTypeRegistry     : Adding type registration java.math.BigDecimal -> org.hibernate.type.BasicTypeReference@5cffec7
2024-07-24T13:41:02.014+05:30 DEBUG 33278 --- [student] [           main] org.hibernate.type.BasicTypeRegistry     : Adding type registration character -> org.hibernate.type.BasicTypeReference@7e81617a
2024-07-24T13:41:02.014+05:30 DEBUG 33278 --- [student] [           main] org.hibernate.type.BasicTypeRegistry     : Adding type registration char -> org.hibernate.type.BasicTypeReference@7e81617a
2024-07-24T13:41:02.014+05:30 DEBUG 33278 --- [student] [           main] org.hibernate.type.BasicTypeRegistry     : Adding type registration java.lang.Character -> org.hibernate.type.BasicTypeReference@7e81617a
2024-07-24T13:41:02.014+05:30 DEBUG 33278 --- [student] [           main] org.hibernate.type.BasicTypeRegistry     : Adding type registration character_nchar -> org.hibernate.type.BasicTypeReference@6e73974
2024-07-24T13:41:02.014+05:30 DEBUG 33278 --- [student] [           main] org.hibernate.type.BasicTypeRegistry     : Adding type registration string -> org.hibernate.type.BasicTypeReference@3e28dc96
2024-07-24T13:41:02.015+05:30 DEBUG 33278 --- [student] [           main] org.hibernate.type.BasicTypeRegistry     : Adding type registration java.lang.String -> org.hibernate.type.BasicTypeReference@3e28dc96
2024-07-24T13:41:02.015+05:30 DEBUG 33278 --- [student] [           main] org.hibernate.type.BasicTypeRegistry     : Adding type registration nstring -> org.hibernate.type.BasicTypeReference@44eb2452
2024-07-24T13:41:02.015+05:30 DEBUG 33278 --- [student] [           main] org.hibernate.type.BasicTypeRegistry     : Adding type registration characters -> org.hibernate.type.BasicTypeReference@31940704
2024-07-24T13:41:02.015+05:30 DEBUG 33278 --- [student] [           main] org.hibernate.type.BasicTypeRegistry     : Adding type registration char[] -> org.hibernate.type.BasicTypeReference@31940704
2024-07-24T13:41:02.016+05:30 DEBUG 33278 --- [student] [           main] org.hibernate.type.BasicTypeRegistry     : Adding type registration [C -> org.hibernate.type.BasicTypeReference@31940704
2024-07-24T13:41:02.016+05:30 DEBUG 33278 --- [student] [           main] org.hibernate.type.BasicTypeRegistry     : Adding type registration wrapper-characters -> org.hibernate.type.BasicTypeReference@e07b4db
2024-07-24T13:41:02.016+05:30 DEBUG 33278 --- [student] [           main] org.hibernate.type.BasicTypeRegistry     : Adding type registration text -> org.hibernate.type.BasicTypeReference@76b305e1
2024-07-24T13:41:02.016+05:30 DEBUG 33278 --- [student] [           main] org.hibernate.type.BasicTypeRegistry     : Adding type registration ntext -> org.hibernate.type.BasicTypeReference@6be766d1
2024-07-24T13:41:02.016+05:30 DEBUG 33278 --- [student] [           main] org.hibernate.type.BasicTypeRegistry     : Adding type registration clob -> org.hibernate.type.BasicTypeReference@7adae08e
2024-07-24T13:41:02.016+05:30 DEBUG 33278 --- [student] [           main] org.hibernate.type.BasicTypeRegistry     : Adding type registration java.sql.Clob -> org.hibernate.type.BasicTypeReference@7adae08e
2024-07-24T13:41:02.016+05:30 DEBUG 33278 --- [student] [           main] org.hibernate.type.BasicTypeRegistry     : Adding type registration nclob -> org.hibernate.type.BasicTypeReference@49c83262
2024-07-24T13:41:02.017+05:30 DEBUG 33278 --- [student] [           main] org.hibernate.type.BasicTypeRegistry     : Adding type registration java.sql.NClob -> org.hibernate.type.BasicTypeReference@49c83262
2024-07-24T13:41:02.017+05:30 DEBUG 33278 --- [student] [           main] org.hibernate.type.BasicTypeRegistry     : Adding type registration materialized_clob -> org.hibernate.type.BasicTypeReference@273aaab7
2024-07-24T13:41:02.017+05:30 DEBUG 33278 --- [student] [           main] org.hibernate.type.BasicTypeRegistry     : Adding type registration materialized_clob_char_array -> org.hibernate.type.BasicTypeReference@77bb916f
2024-07-24T13:41:02.017+05:30 DEBUG 33278 --- [student] [           main] org.hibernate.type.BasicTypeRegistry     : Adding type registration materialized_clob_character_array -> org.hibernate.type.BasicTypeReference@5a48d186
2024-07-24T13:41:02.017+05:30 DEBUG 33278 --- [student] [           main] org.hibernate.type.BasicTypeRegistry     : Adding type registration materialized_nclob -> org.hibernate.type.BasicTypeReference@521ba38f
2024-07-24T13:41:02.017+05:30 DEBUG 33278 --- [student] [           main] org.hibernate.type.BasicTypeRegistry     : Adding type registration materialized_nclob_character_array -> org.hibernate.type.BasicTypeReference@2086d469
2024-07-24T13:41:02.017+05:30 DEBUG 33278 --- [student] [           main] org.hibernate.type.BasicTypeRegistry     : Adding type registration materialized_nclob_char_array -> org.hibernate.type.BasicTypeReference@b1d19ff
2024-07-24T13:41:02.018+05:30 DEBUG 33278 --- [student] [           main] org.hibernate.type.BasicTypeRegistry     : Adding type registration Duration -> org.hibernate.type.BasicTypeReference@17c53dfb
2024-07-24T13:41:02.018+05:30 DEBUG 33278 --- [student] [           main] org.hibernate.type.BasicTypeRegistry     : Adding type registration java.time.Duration -> org.hibernate.type.BasicTypeReference@17c53dfb
2024-07-24T13:41:02.018+05:30 DEBUG 33278 --- [student] [           main] org.hibernate.type.BasicTypeRegistry     : Adding type registration LocalDateTime -> org.hibernate.type.BasicTypeReference@184de357
2024-07-24T13:41:02.018+05:30 DEBUG 33278 --- [student] [           main] org.hibernate.type.BasicTypeRegistry     : Adding type registration java.time.LocalDateTime -> org.hibernate.type.BasicTypeReference@184de357
2024-07-24T13:41:02.018+05:30 DEBUG 33278 --- [student] [           main] org.hibernate.type.BasicTypeRegistry     : Adding type registration LocalDate -> org.hibernate.type.BasicTypeReference@efe49ab
2024-07-24T13:41:02.018+05:30 DEBUG 33278 --- [student] [           main] org.hibernate.type.BasicTypeRegistry     : Adding type registration java.time.LocalDate -> org.hibernate.type.BasicTypeReference@efe49ab
2024-07-24T13:41:02.019+05:30 DEBUG 33278 --- [student] [           main] org.hibernate.type.BasicTypeRegistry     : Adding type registration LocalTime -> org.hibernate.type.BasicTypeReference@6dcf7b6a
2024-07-24T13:41:02.019+05:30 DEBUG 33278 --- [student] [           main] org.hibernate.type.BasicTypeRegistry     : Adding type registration java.time.LocalTime -> org.hibernate.type.BasicTypeReference@6dcf7b6a
2024-07-24T13:41:02.019+05:30 DEBUG 33278 --- [student] [           main] org.hibernate.type.BasicTypeRegistry     : Adding type registration OffsetDateTime -> org.hibernate.type.BasicTypeReference@53dba9cd
2024-07-24T13:41:02.019+05:30 DEBUG 33278 --- [student] [           main] org.hibernate.type.BasicTypeRegistry     : Adding type registration java.time.OffsetDateTime -> org.hibernate.type.BasicTypeReference@53dba9cd
2024-07-24T13:41:02.019+05:30 DEBUG 33278 --- [student] [           main] org.hibernate.type.BasicTypeRegistry     : Adding type registration OffsetDateTimeWithTimezone -> org.hibernate.type.BasicTypeReference@247bbfba
2024-07-24T13:41:02.020+05:30 DEBUG 33278 --- [student] [           main] org.hibernate.type.BasicTypeRegistry     : Adding type registration OffsetDateTimeWithoutTimezone -> org.hibernate.type.BasicTypeReference@5834198f
2024-07-24T13:41:02.020+05:30 DEBUG 33278 --- [student] [           main] org.hibernate.type.BasicTypeRegistry     : Adding type registration OffsetTime -> org.hibernate.type.BasicTypeReference@4eb63dc8
2024-07-24T13:41:02.020+05:30 DEBUG 33278 --- [student] [           main] org.hibernate.type.BasicTypeRegistry     : Adding type registration java.time.OffsetTime -> org.hibernate.type.BasicTypeReference@4eb63dc8
2024-07-24T13:41:02.020+05:30 DEBUG 33278 --- [student] [           main] org.hibernate.type.BasicTypeRegistry     : Adding type registration OffsetTimeUtc -> org.hibernate.type.BasicTypeReference@402d6012
2024-07-24T13:41:02.020+05:30 DEBUG 33278 --- [student] [           main] org.hibernate.type.BasicTypeRegistry     : Adding type registration OffsetTimeWithTimezone -> org.hibernate.type.BasicTypeReference@395281c2
2024-07-24T13:41:02.020+05:30 DEBUG 33278 --- [student] [           main] org.hibernate.type.BasicTypeRegistry     : Adding type registration OffsetTimeWithoutTimezone -> org.hibernate.type.BasicTypeReference@41d20f06
2024-07-24T13:41:02.020+05:30 DEBUG 33278 --- [student] [           main] org.hibernate.type.BasicTypeRegistry     : Adding type registration ZonedDateTime -> org.hibernate.type.BasicTypeReference@3e753289
2024-07-24T13:41:02.020+05:30 DEBUG 33278 --- [student] [           main] org.hibernate.type.BasicTypeRegistry     : Adding type registration java.time.ZonedDateTime -> org.hibernate.type.BasicTypeReference@3e753289
2024-07-24T13:41:02.021+05:30 DEBUG 33278 --- [student] [           main] org.hibernate.type.BasicTypeRegistry     : Adding type registration ZonedDateTimeWithTimezone -> org.hibernate.type.BasicTypeReference@1573e8a5
2024-07-24T13:41:02.021+05:30 DEBUG 33278 --- [student] [           main] org.hibernate.type.BasicTypeRegistry     : Adding type registration ZonedDateTimeWithoutTimezone -> org.hibernate.type.BasicTypeReference@38022758
2024-07-24T13:41:02.021+05:30 DEBUG 33278 --- [student] [           main] org.hibernate.type.BasicTypeRegistry     : Adding type registration date -> org.hibernate.type.BasicTypeReference@69f9b561
2024-07-24T13:41:02.021+05:30 DEBUG 33278 --- [student] [           main] org.hibernate.type.BasicTypeRegistry     : Adding type registration java.sql.Date -> org.hibernate.type.BasicTypeReference@69f9b561
2024-07-24T13:41:02.021+05:30 DEBUG 33278 --- [student] [           main] org.hibernate.type.BasicTypeRegistry     : Adding type registration time -> org.hibernate.type.BasicTypeReference@7e8f23ad
2024-07-24T13:41:02.021+05:30 DEBUG 33278 --- [student] [           main] org.hibernate.type.BasicTypeRegistry     : Adding type registration java.sql.Time -> org.hibernate.type.BasicTypeReference@7e8f23ad
2024-07-24T13:41:02.022+05:30 DEBUG 33278 --- [student] [           main] org.hibernate.type.BasicTypeRegistry     : Adding type registration timestamp -> org.hibernate.type.BasicTypeReference@7433ca19
2024-07-24T13:41:02.022+05:30 DEBUG 33278 --- [student] [           main] org.hibernate.type.BasicTypeRegistry     : Adding type registration java.sql.Timestamp -> org.hibernate.type.BasicTypeReference@7433ca19
2024-07-24T13:41:02.022+05:30 DEBUG 33278 --- [student] [           main] org.hibernate.type.BasicTypeRegistry     : Adding type registration java.util.Date -> org.hibernate.type.BasicTypeReference@7433ca19
2024-07-24T13:41:02.022+05:30 DEBUG 33278 --- [student] [           main] org.hibernate.type.BasicTypeRegistry     : Adding type registration calendar -> org.hibernate.type.BasicTypeReference@5d221b20
2024-07-24T13:41:02.022+05:30 DEBUG 33278 --- [student] [           main] org.hibernate.type.BasicTypeRegistry     : Adding type registration java.util.Calendar -> org.hibernate.type.BasicTypeReference@5d221b20
2024-07-24T13:41:02.022+05:30 DEBUG 33278 --- [student] [           main] org.hibernate.type.BasicTypeRegistry     : Adding type registration java.util.GregorianCalendar -> org.hibernate.type.BasicTypeReference@5d221b20
2024-07-24T13:41:02.023+05:30 DEBUG 33278 --- [student] [           main] org.hibernate.type.BasicTypeRegistry     : Adding type registration calendar_date -> org.hibernate.type.BasicTypeReference@79d4ff58
2024-07-24T13:41:02.023+05:30 DEBUG 33278 --- [student] [           main] org.hibernate.type.BasicTypeRegistry     : Adding type registration calendar_time -> org.hibernate.type.BasicTypeReference@7ec13984
2024-07-24T13:41:02.023+05:30 DEBUG 33278 --- [student] [           main] org.hibernate.type.BasicTypeRegistry     : Adding type registration instant -> org.hibernate.type.BasicTypeReference@14485747
2024-07-24T13:41:02.023+05:30 DEBUG 33278 --- [student] [           main] org.hibernate.type.BasicTypeRegistry     : Adding type registration java.time.Instant -> org.hibernate.type.BasicTypeReference@14485747
2024-07-24T13:41:02.023+05:30 DEBUG 33278 --- [student] [           main] org.hibernate.type.BasicTypeRegistry     : Adding type registration uuid -> org.hibernate.type.BasicTypeReference@59fea5f5
2024-07-24T13:41:02.023+05:30 DEBUG 33278 --- [student] [           main] org.hibernate.type.BasicTypeRegistry     : Adding type registration java.util.UUID -> org.hibernate.type.BasicTypeReference@59fea5f5
2024-07-24T13:41:02.024+05:30 DEBUG 33278 --- [student] [           main] org.hibernate.type.BasicTypeRegistry     : Adding type registration pg-uuid -> org.hibernate.type.BasicTypeReference@59fea5f5
2024-07-24T13:41:02.024+05:30 DEBUG 33278 --- [student] [           main] org.hibernate.type.BasicTypeRegistry     : Adding type registration uuid-binary -> org.hibernate.type.BasicTypeReference@78eafad
2024-07-24T13:41:02.024+05:30 DEBUG 33278 --- [student] [           main] org.hibernate.type.BasicTypeRegistry     : Adding type registration uuid-char -> org.hibernate.type.BasicTypeReference@70f4abc1
2024-07-24T13:41:02.024+05:30 DEBUG 33278 --- [student] [           main] org.hibernate.type.BasicTypeRegistry     : Adding type registration class -> org.hibernate.type.BasicTypeReference@26d028f7
2024-07-24T13:41:02.024+05:30 DEBUG 33278 --- [student] [           main] org.hibernate.type.BasicTypeRegistry     : Adding type registration java.lang.Class -> org.hibernate.type.BasicTypeReference@26d028f7
2024-07-24T13:41:02.025+05:30 DEBUG 33278 --- [student] [           main] org.hibernate.type.BasicTypeRegistry     : Adding type registration currency -> org.hibernate.type.BasicTypeReference@a2df0d5
2024-07-24T13:41:02.025+05:30 DEBUG 33278 --- [student] [           main] org.hibernate.type.BasicTypeRegistry     : Adding type registration Currency -> org.hibernate.type.BasicTypeReference@a2df0d5
2024-07-24T13:41:02.025+05:30 DEBUG 33278 --- [student] [           main] org.hibernate.type.BasicTypeRegistry     : Adding type registration java.util.Currency -> org.hibernate.type.BasicTypeReference@a2df0d5
2024-07-24T13:41:02.025+05:30 DEBUG 33278 --- [student] [           main] org.hibernate.type.BasicTypeRegistry     : Adding type registration locale -> org.hibernate.type.BasicTypeReference@782cc5fa
2024-07-24T13:41:02.026+05:30 DEBUG 33278 --- [student] [           main] org.hibernate.type.BasicTypeRegistry     : Adding type registration java.util.Locale -> org.hibernate.type.BasicTypeReference@782cc5fa
2024-07-24T13:41:02.026+05:30 DEBUG 33278 --- [student] [           main] org.hibernate.type.BasicTypeRegistry     : Adding type registration serializable -> org.hibernate.type.BasicTypeReference@2dd3d39d
2024-07-24T13:41:02.026+05:30 DEBUG 33278 --- [student] [           main] org.hibernate.type.BasicTypeRegistry     : Adding type registration java.io.Serializable -> org.hibernate.type.BasicTypeReference@2dd3d39d
2024-07-24T13:41:02.026+05:30 DEBUG 33278 --- [student] [           main] org.hibernate.type.BasicTypeRegistry     : Adding type registration timezone -> org.hibernate.type.BasicTypeReference@ae3c140
2024-07-24T13:41:02.027+05:30 DEBUG 33278 --- [student] [           main] org.hibernate.type.BasicTypeRegistry     : Adding type registration java.util.TimeZone -> org.hibernate.type.BasicTypeReference@ae3c140
2024-07-24T13:41:02.027+05:30 DEBUG 33278 --- [student] [           main] org.hibernate.type.BasicTypeRegistry     : Adding type registration ZoneOffset -> org.hibernate.type.BasicTypeReference@6f2d3391
2024-07-24T13:41:02.027+05:30 DEBUG 33278 --- [student] [           main] org.hibernate.type.BasicTypeRegistry     : Adding type registration java.time.ZoneOffset -> org.hibernate.type.BasicTypeReference@6f2d3391
2024-07-24T13:41:02.027+05:30 DEBUG 33278 --- [student] [           main] org.hibernate.type.BasicTypeRegistry     : Adding type registration url -> org.hibernate.type.BasicTypeReference@71b0289b
2024-07-24T13:41:02.027+05:30 DEBUG 33278 --- [student] [           main] org.hibernate.type.BasicTypeRegistry     : Adding type registration java.net.URL -> org.hibernate.type.BasicTypeReference@71b0289b
2024-07-24T13:41:02.028+05:30 DEBUG 33278 --- [student] [           main] org.hibernate.type.BasicTypeRegistry     : Adding type registration vector -> org.hibernate.type.BasicTypeReference@42cc420b
2024-07-24T13:41:02.028+05:30 DEBUG 33278 --- [student] [           main] org.hibernate.type.BasicTypeRegistry     : Adding type registration row_version -> org.hibernate.type.BasicTypeReference@563172d3
2024-07-24T13:41:02.035+05:30 DEBUG 33278 --- [student] [           main] org.hibernate.type.BasicTypeRegistry     : Adding type registration object -> org.hibernate.type.JavaObjectType@64ec1459
2024-07-24T13:41:02.035+05:30 DEBUG 33278 --- [student] [           main] org.hibernate.type.BasicTypeRegistry     : Adding type registration java.lang.Object -> org.hibernate.type.JavaObjectType@64ec1459
2024-07-24T13:41:02.037+05:30 DEBUG 33278 --- [student] [           main] org.hibernate.type.BasicTypeRegistry     : Adding type registration null -> org.hibernate.type.NullType@46c662f2
2024-07-24T13:41:02.038+05:30 DEBUG 33278 --- [student] [           main] org.hibernate.type.BasicTypeRegistry     : Adding type registration imm_date -> org.hibernate.type.BasicTypeReference@4afdfc0f
2024-07-24T13:41:02.039+05:30 DEBUG 33278 --- [student] [           main] org.hibernate.type.BasicTypeRegistry     : Adding type registration imm_time -> org.hibernate.type.BasicTypeReference@30798137
2024-07-24T13:41:02.039+05:30 DEBUG 33278 --- [student] [           main] org.hibernate.type.BasicTypeRegistry     : Adding type registration imm_timestamp -> org.hibernate.type.BasicTypeReference@455da438
2024-07-24T13:41:02.039+05:30 DEBUG 33278 --- [student] [           main] org.hibernate.type.BasicTypeRegistry     : Adding type registration imm_calendar -> org.hibernate.type.BasicTypeReference@60652518
2024-07-24T13:41:02.039+05:30 DEBUG 33278 --- [student] [           main] org.hibernate.type.BasicTypeRegistry     : Adding type registration imm_calendar_date -> org.hibernate.type.BasicTypeReference@438aaa9f
2024-07-24T13:41:02.039+05:30 DEBUG 33278 --- [student] [           main] org.hibernate.type.BasicTypeRegistry     : Adding type registration imm_calendar_time -> org.hibernate.type.BasicTypeReference@3f06ebe0
2024-07-24T13:41:02.039+05:30 DEBUG 33278 --- [student] [           main] org.hibernate.type.BasicTypeRegistry     : Adding type registration imm_binary -> org.hibernate.type.BasicTypeReference@1752e45c
2024-07-24T13:41:02.040+05:30 DEBUG 33278 --- [student] [           main] org.hibernate.type.BasicTypeRegistry     : Adding type registration imm_serializable -> org.hibernate.type.BasicTypeReference@5ed65e4b
2024-07-24T13:41:02.273+05:30  INFO 33278 --- [student] [           main] o.s.o.j.p.SpringPersistenceUnitInfo      : No LoadTimeWeaver setup: ignoring JPA class transformer
2024-07-24T13:41:02.310+05:30  INFO 33278 --- [student] [           main] com.zaxxer.hikari.HikariDataSource       : HikariPool-1 - Starting...
2024-07-24T13:41:02.813+05:30  INFO 33278 --- [student] [           main] com.zaxxer.hikari.pool.HikariPool        : HikariPool-1 - Added connection com.mysql.cj.jdbc.ConnectionImpl@74eab077
2024-07-24T13:41:02.815+05:30  INFO 33278 --- [student] [           main] com.zaxxer.hikari.HikariDataSource       : HikariPool-1 - Start completed.
2024-07-24T13:41:02.982+05:30 DEBUG 33278 --- [student] [           main] o.h.t.d.sql.spi.DdlTypeRegistry          : addDescriptor(12, org.hibernate.type.descriptor.sql.internal.CapacityDependentDdlType@5f781173) replaced previous registration(org.hibernate.type.descriptor.sql.internal.CapacityDependentDdlType@43cf5bff)
2024-07-24T13:41:02.983+05:30 DEBUG 33278 --- [student] [           main] o.h.t.d.sql.spi.DdlTypeRegistry          : addDescriptor(-9, org.hibernate.type.descriptor.sql.internal.CapacityDependentDdlType@2b464384) replaced previous registration(org.hibernate.type.descriptor.sql.internal.CapacityDependentDdlType@681b42d3)
2024-07-24T13:41:02.983+05:30 DEBUG 33278 --- [student] [           main] o.h.t.d.sql.spi.DdlTypeRegistry          : addDescriptor(-3, org.hibernate.type.descriptor.sql.internal.CapacityDependentDdlType@77f7352a) replaced previous registration(org.hibernate.type.descriptor.sql.internal.CapacityDependentDdlType@4ede8888)
2024-07-24T13:41:02.983+05:30 DEBUG 33278 --- [student] [           main] o.h.t.d.sql.spi.DdlTypeRegistry          : addDescriptor(4003, org.hibernate.type.descriptor.sql.internal.DdlTypeImpl@571db8b4) replaced previous registration(org.hibernate.type.descriptor.sql.internal.DdlTypeImpl@65a2755e)
2024-07-24T13:41:02.984+05:30 DEBUG 33278 --- [student] [           main] o.h.t.d.sql.spi.DdlTypeRegistry          : addDescriptor(4001, org.hibernate.type.descriptor.sql.internal.DdlTypeImpl@2b3242a5) replaced previous registration(org.hibernate.type.descriptor.sql.internal.DdlTypeImpl@11120583)
2024-07-24T13:41:02.984+05:30 DEBUG 33278 --- [student] [           main] o.h.t.d.sql.spi.DdlTypeRegistry          : addDescriptor(4002, org.hibernate.type.descriptor.sql.internal.DdlTypeImpl@2bf0c70d) replaced previous registration(org.hibernate.type.descriptor.sql.internal.DdlTypeImpl@5d8e4fa8)
2024-07-24T13:41:02.984+05:30 DEBUG 33278 --- [student] [           main] o.h.t.d.sql.spi.DdlTypeRegistry          : addDescriptor(2004, org.hibernate.type.descriptor.sql.internal.CapacityDependentDdlType@649009d6) replaced previous registration(org.hibernate.type.descriptor.sql.internal.DdlTypeImpl@652f26da)
2024-07-24T13:41:02.984+05:30 DEBUG 33278 --- [student] [           main] o.h.t.d.sql.spi.DdlTypeRegistry          : addDescriptor(2005, org.hibernate.type.descriptor.sql.internal.CapacityDependentDdlType@484a5ddd) replaced previous registration(org.hibernate.type.descriptor.sql.internal.DdlTypeImpl@6796a873)
2024-07-24T13:41:02.984+05:30 DEBUG 33278 --- [student] [           main] o.h.t.d.sql.spi.DdlTypeRegistry          : addDescriptor(2011, org.hibernate.type.descriptor.sql.internal.CapacityDependentDdlType@3acc3ee) replaced previous registration(org.hibernate.type.descriptor.sql.internal.DdlTypeImpl@1f293cb7)
2024-07-24T13:41:02.986+05:30 DEBUG 33278 --- [student] [           main] o.h.t.d.jdbc.spi.JdbcTypeRegistry        : addDescriptor(NCharTypeDescriptor) replaced previous registration(CharTypeDescriptor)
2024-07-24T13:41:02.986+05:30 DEBUG 33278 --- [student] [           main] o.h.t.d.jdbc.spi.JdbcTypeRegistry        : addDescriptor(NVarcharTypeDescriptor) replaced previous registration(VarcharTypeDescriptor)
2024-07-24T13:41:02.986+05:30 DEBUG 33278 --- [student] [           main] o.h.t.d.jdbc.spi.JdbcTypeRegistry        : addDescriptor(LongNVarcharTypeDescriptor) replaced previous registration(LongVarcharTypeDescriptor)
2024-07-24T13:41:02.989+05:30 DEBUG 33278 --- [student] [           main] o.h.t.d.jdbc.spi.JdbcTypeRegistry        : addDescriptor(NClobTypeDescriptor(DEFAULT)) replaced previous registration(ClobTypeDescriptor(DEFAULT))
2024-07-24T13:41:02.989+05:30 DEBUG 33278 --- [student] [           main] o.h.t.d.jdbc.spi.JdbcTypeRegistry        : addDescriptor(2005, ClobTypeDescriptor(STREAM_BINDING)) replaced previous registration(ClobTypeDescriptor(DEFAULT))
2024-07-24T13:41:02.997+05:30 DEBUG 33278 --- [student] [           main] org.hibernate.type.BasicTypeRegistry     : Adding type registration null -> org.hibernate.type.NullType@18f8ebd4
2024-07-24T13:41:02.997+05:30 DEBUG 33278 --- [student] [           main] org.hibernate.type.BasicTypeRegistry     : Type registration key [null] overrode previous entry : `org.hibernate.type.NullType@46c662f2`
2024-07-24T13:41:03.003+05:30 DEBUG 33278 --- [student] [           main] org.hibernate.type.BasicTypeRegistry     : Adding type registration org.hibernate.type.DurationType -> basicType@1(java.time.Duration,3015)
2024-07-24T13:41:03.003+05:30 DEBUG 33278 --- [student] [           main] org.hibernate.type.BasicTypeRegistry     : Adding type registration Duration -> basicType@1(java.time.Duration,3015)
2024-07-24T13:41:03.003+05:30 DEBUG 33278 --- [student] [           main] org.hibernate.type.BasicTypeRegistry     : Adding type registration java.time.Duration -> basicType@1(java.time.Duration,3015)
2024-07-24T13:41:03.007+05:30 DEBUG 33278 --- [student] [           main] org.hibernate.type.BasicTypeRegistry     : Adding type registration org.hibernate.type.OffsetDateTimeType -> basicType@2(java.time.OffsetDateTime,3003)
2024-07-24T13:41:03.008+05:30 DEBUG 33278 --- [student] [           main] org.hibernate.type.BasicTypeRegistry     : Adding type registration OffsetDateTime -> basicType@2(java.time.OffsetDateTime,3003)
2024-07-24T13:41:03.008+05:30 DEBUG 33278 --- [student] [           main] org.hibernate.type.BasicTypeRegistry     : Adding type registration java.time.OffsetDateTime -> basicType@2(java.time.OffsetDateTime,3003)
2024-07-24T13:41:03.008+05:30 DEBUG 33278 --- [student] [           main] org.hibernate.type.BasicTypeRegistry     : Adding type registration org.hibernate.type.ZonedDateTimeType -> basicType@3(java.time.ZonedDateTime,3003)
2024-07-24T13:41:03.008+05:30 DEBUG 33278 --- [student] [           main] org.hibernate.type.BasicTypeRegistry     : Adding type registration ZonedDateTime -> basicType@3(java.time.ZonedDateTime,3003)
2024-07-24T13:41:03.008+05:30 DEBUG 33278 --- [student] [           main] org.hibernate.type.BasicTypeRegistry     : Adding type registration java.time.ZonedDateTime -> basicType@3(java.time.ZonedDateTime,3003)
2024-07-24T13:41:03.009+05:30 DEBUG 33278 --- [student] [           main] org.hibernate.type.BasicTypeRegistry     : Adding type registration org.hibernate.type.OffsetTimeType -> basicType@4(java.time.OffsetTime,3007)
2024-07-24T13:41:03.009+05:30 DEBUG 33278 --- [student] [           main] org.hibernate.type.BasicTypeRegistry     : Adding type registration OffsetTime -> basicType@4(java.time.OffsetTime,3007)
2024-07-24T13:41:03.009+05:30 DEBUG 33278 --- [student] [           main] org.hibernate.type.BasicTypeRegistry     : Adding type registration java.time.OffsetTime -> basicType@4(java.time.OffsetTime,3007)
2024-07-24T13:41:03.010+05:30 DEBUG 33278 --- [student] [           main] o.h.type.spi.TypeConfiguration$Scope     : Scoping TypeConfiguration [org.hibernate.type.spi.TypeConfiguration@6b5e1fc5] to MetadataBuildingContext [org.hibernate.boot.internal.MetadataBuildingContextRootImpl@47ffa248]
2024-07-24T13:41:03.968+05:30  INFO 33278 --- [student] [           main] o.h.e.t.j.p.i.JtaPlatformInitiator       : HHH000489: No JTA platform available (set 'hibernate.transaction.jta.platform' to enable JTA platform integration)
2024-07-24T13:41:03.969+05:30 DEBUG 33278 --- [student] [           main] o.h.type.spi.TypeConfiguration$Scope     : Scoping TypeConfiguration [org.hibernate.type.spi.TypeConfiguration@6b5e1fc5] to SessionFactoryImplementor [org.hibernate.internal.SessionFactoryImpl@76ebd595]
2024-07-24T13:41:04.037+05:30 TRACE 33278 --- [student] [           main] o.h.type.spi.TypeConfiguration$Scope     : Handling #sessionFactoryCreated from [org.hibernate.internal.SessionFactoryImpl@76ebd595] for TypeConfiguration
2024-07-24T13:41:04.037+05:30  INFO 33278 --- [student] [           main] j.LocalContainerEntityManagerFactoryBean : Initialized JPA EntityManagerFactory for persistence unit 'default'
2024-07-24T13:41:04.260+05:30 DEBUG 33278 --- [student] [           main] o.h.stat.internal.StatisticsInitiator    : Statistics initialized [enabled=false]
2024-07-24T13:41:04.787+05:30  WARN 33278 --- [student] [           main] JpaBaseConfiguration$JpaWebConfiguration : spring.jpa.open-in-view is enabled by default. Therefore, database queries may be performed during view rendering. Explicitly configure spring.jpa.open-in-view to disable this warning
2024-07-24T13:41:06.167+05:30  INFO 33278 --- [student] [           main] o.s.b.a.e.web.EndpointLinksResolver      : Exposing 1 endpoint(s) beneath base path '/actuator'
2024-07-24T13:41:06.267+05:30  INFO 33278 --- [student] [           main] c.demo.student.StudentApplicationTests   : Started StudentApplicationTests in 7.498 seconds (process running for 8.863)
]]></system-out>
    <system-err><![CDATA[WARNING: A Java agent has been loaded dynamically (/Users/s.kumar.shivaswamyaccenture.com/.m2/repository/net/bytebuddy/byte-buddy-agent/1.14.12/byte-buddy-agent-1.14.12.jar)
WARNING: If a serviceability tool is in use, please run with -XX:+EnableDynamicAgentLoading to hide this warning
WARNING: If a serviceability tool is not in use, please run with -Djdk.instrument.traceUsage for more information
WARNING: Dynamic loading of agents will be disallowed by default in a future release
]]></system-err>
  </testcase>
</testsuite>